Exporter version: 2.80.1, Blender version: 2.83.13
========= Conversion from Blender to Babylon.js =========
	Scene settings used :
		Inline textures     :  false
		Material Type       :  PBR
		Positions Precision :  4
		Normals Precision   :  3
		UVs Precision       :  3
		Vert Color Precision:  3
		Mat Weight Precision:  2
		Keep Z-up r-handed  :  no
		Texture directory   :  /Users/jerchang/Documents/mrjumjum/mrjumjum.github.io/graphics/src/meshes/
	Python World class constructor completed
	processing begun of camera (UniversalCamera):  Camera
	processing begun of mesh:  Happy
		WARNING: No materials have been assigned: 
		num positions      :  311
		num normals        :  311
		num tangents       :  0
		num uvs            :  622
		num uvs2           :  0
		num colors         :  0
		num triangles      :  292
	processing begun of light (POINT):  Light
========= Writing of JSON file started =========
	writing mesh:  Happy
========= Writing of JSON file completed =========
========= end of processing =========
elapsed time:  0 min, 0.0405 secs
